  0:00 ------------------------------------------------------------
  0:00 InitGame: \g_gametype\3\g_LPS_flags\0\g_LPS_startlives\10\g_WarmupReady\0\g_allowVote\1\g_warmup\20\pointlimit\20\g_maxGameClients\0\sv_maxclients\8\timelimit\0\dmflags\0\sv_hostname\noname\sv_minRate\0\sv_maxRate\0\sv_minPing\0\sv_maxPing\0\sv_floodProtect\1\version\ioQ3 r1142 win_mingw-x86 Nov 29 2007\fraglimit\20\protocol\68\mapname\phobosdm17\sv_privateClients\0\sv_allowDownload\0\gamename\wop\g_doWarmup\0\g_needpass\0\g_curWarmupReady\0
  0:00 ClientConnect: 0 521CFE8C426B6C9CF4D6E44C8675E8DF localhost
  0:00 ClientUserinfoChanged: 0 n\PadPlayer\t\0\model\padman\hmodel\padman\c1\4\c2\0\hc\100\w\0\l\0\tt\0\tl\0\sl\
  0:00 ClientUserinfoChanged: 0 n\PadPlayer\t\0\model\padman\hmodel\padman\c1\4\c2\0\hc\100\w\0\l\0\tt\0\tl\0\sl\
  0:00 ClientBegin: 0
  0:01 ClientUserinfoChanged: 0 n\PadPlayer\t\0\model\padman\hmodel\padman\c1\4\c2\0\hc\100\w\0\l\0\tt\0\tl\0\sl\01_wop
  0:06 ShutdownGame:
  0:06 ------------------------------------------------------------
  0:00 ------------------------------------------------------------
  0:00 InitGame: \g_gametype\3\sv_floodProtect\1\sv_maxPing\0\sv_minPing\0\sv_maxRate\0\sv_minRate\0\sv_hostname\noname\dmflags\0\timelimit\0\sv_maxclients\8\g_maxGameClients\0\pointlimit\20\g_warmup\20\g_allowVote\1\g_WarmupReady\0\g_LPS_startlives\10\g_LPS_flags\0\version\ioQ3 r1142 win_mingw-x86 Nov 29 2007\fraglimit\20\protocol\68\mapname\phobosdm17\sv_privateClients\0\sv_allowDownload\0\gamename\wop\g_doWarmup\0\g_needpass\0\g_curWarmupReady\0
  0:00 ClientConnect: 0 521CFE8C426B6C9CF4D6E44C8675E8DF localhost
  0:00 ClientUserinfoChanged: 0 n\PadPlayer\t\0\model\padman\hmodel\padman\c1\4\c2\0\hc\100\w\0\l\0\tt\0\tl\0\sl\
  0:00 ClientUserinfoChanged: 0 n\PadPlayer\t\0\model\padman\hmodel\padman\c1\4\c2\0\hc\100\w\0\l\0\tt\0\tl\0\sl\
  0:00 ClientBegin: 0
  0:01 ClientUserinfoChanged: 0 n\PadPlayer\t\0\model\padman\hmodel\padman\c1\4\c2\0\hc\100\w\0\l\0\tt\0\tl\0\sl\01_wop
  0:16 Item: 0 ammo_pumper
  0:16 Item: 0 weapon_pumper
  0:39 ClientConnect: 1  
  0:39 ClientUserinfoChanged: 1 n\PAD^4MAN\t\0\model\padman\hmodel\padman\c1\4\c2\0\hc\100\w\0\l\0\skill\    4.00\tt\0\tl\0\sl\
  0:39 ClientBegin: 1
  0:39 ClientUserinfoChanged: 1 n\PAD^4MAN\t\0\model\padman\hmodel\padman\c1\4\c2\0\hc\100\w\0\l\0\skill\    4.00\tt\0\tl\0\sl\15_padlogo
  0:48 Item: 0 weapon_betty
  0:52 Item: 0 ammo_betty
  1:10 ShutdownGame:
  1:10 ------------------------------------------------------------
  0:00 ------------------------------------------------------------
  0:00 InitGame: \g_gametype\3\g_LPS_flags\0\g_LPS_startlives\10\g_WarmupReady\0\g_allowVote\1\g_warmup\20\pointlimit\20\g_maxGameClients\0\sv_maxclients\8\timelimit\0\dmflags\0\sv_hostname\noname\sv_minRate\0\sv_maxRate\0\sv_minPing\0\sv_maxPing\0\sv_floodProtect\1\version\ioQ3 r1142 win_mingw-x86 Nov 29 2007\fraglimit\20\protocol\68\mapname\phobosdm17\sv_privateClients\0\sv_allowDownload\0\gamename\wop\g_doWarmup\0\g_needpass\0\g_curWarmupReady\0
  0:00 ClientConnect: 0 521CFE8C426B6C9CF4D6E44C8675E8DF localhost
  0:00 ClientUserinfoChanged: 0 n\PadPlayer\t\0\model\padman\hmodel\padman\c1\4\c2\0\hc\100\w\0\l\0\tt\0\tl\0\sl\
  0:00 ClientUserinfoChanged: 0 n\PadPlayer\t\0\model\padman\hmodel\padman\c1\4\c2\0\hc\100\w\0\l\0\tt\0\tl\0\sl\
  0:00 ClientBegin: 0
  0:01 ClientUserinfoChanged: 0 n\PadPlayer\t\0\model\padman\hmodel\padman\c1\4\c2\0\hc\100\w\0\l\0\tt\0\tl\0\sl\01_wop
  0:08 ClientConnect: 1  
  0:08 ClientUserinfoChanged: 1 n\^6PadGirl\t\0\model\padgirl\hmodel\padgirl\c1\4\c2\2\hc\100\w\0\l\0\skill\    4.00\tt\0\tl\0\sl\
  0:08 ClientBegin: 1
  0:08 ClientUserinfoChanged: 1 n\^6PadGirl\t\0\model\padgirl\hmodel\padgirl\c1\4\c2\5\hc\100\w\0\l\0\skill\    4.00\tt\0\tl\0\sl\22_lips
  0:13 ShutdownGame:
  0:13 ------------------------------------------------------------
  0:00 ------------------------------------------------------------
  0:00 InitGame: \g_gametype\3\sv_floodProtect\1\sv_maxPing\0\sv_minPing\0\sv_maxRate\0\sv_minRate\0\sv_hostname\noname\dmflags\0\timelimit\0\sv_maxclients\8\g_maxGameClients\0\pointlimit\20\g_warmup\20\g_allowVote\1\g_WarmupReady\0\g_LPS_startlives\10\g_LPS_flags\0\version\ioQ3 r1142 win_mingw-x86 Nov 29 2007\fraglimit\20\protocol\68\mapname\phobosdm17\sv_privateClients\0\sv_allowDownload\0\gamename\wop\g_doWarmup\0\g_needpass\0\g_curWarmupReady\0
  0:00 ClientConnect: 0 521CFE8C426B6C9CF4D6E44C8675E8DF localhost
  0:00 ClientUserinfoChanged: 0 n\PadPlayer\t\0\model\padman\hmodel\padman\c1\4\c2\0\hc\100\w\0\l\0\tt\0\tl\0\sl\
  0:00 ClientUserinfoChanged: 0 n\PadPlayer\t\0\model\padman\hmodel\padman\c1\4\c2\0\hc\100\w\0\l\0\tt\0\tl\0\sl\
  0:00 ClientBegin: 0
  0:01 ClientUserinfoChanged: 0 n\PadPlayer\t\0\model\padman\hmodel\padman\c1\4\c2\0\hc\100\w\0\l\0\tt\0\tl\0\sl\01_wop
  0:15 ClientConnect: 1  
  0:15 ClientUserinfoChanged: 1 n\^6PadGirl\t\0\model\padgirl\hmodel\padgirl\c1\4\c2\1\hc\100\w\0\l\0\skill\    4.00\tt\0\tl\0\sl\
  0:15 ClientBegin: 1
  0:16 ClientUserinfoChanged: 1 n\^6PadGirl\t\0\model\padgirl\hmodel\padgirl\c1\4\c2\2\hc\100\w\0\l\0\skill\    4.00\tt\0\tl\0\sl\22_lips
  0:23 Item: 0 ammo_betty
  0:24 Item: 0 weapon_betty
  1:09 Item: 0 weapon_betty
  1:09 Item: 0 ammo_betty
  1:12 Item: 0 item_armor_padshield
  1:16 Item: 0 ammo_nipper
  1:16 Item: 0 ammo_nipper
 15:54 ShutdownGame:
 15:54 ------------------------------------------------------------
  0:00 ------------------------------------------------------------
  0:00 InitGame: \g_gametype\3\g_LPS_flags\0\g_LPS_startlives\10\g_WarmupReady\0\g_allowVote\1\g_warmup\20\pointlimit\20\g_maxGameClients\0\sv_maxclients\8\timelimit\0\dmflags\0\sv_hostname\noname\sv_minRate\0\sv_maxRate\0\sv_minPing\0\sv_maxPing\0\sv_floodProtect\1\version\ioQ3 r1142 win_mingw-x86 Nov 29 2007\fraglimit\20\protocol\68\mapname\phobosdm17\sv_privateClients\0\sv_allowDownload\0\gamename\wop\g_doWarmup\0\g_needpass\0\g_curWarmupReady\0
  0:00 ClientConnect: 0 521CFE8C426B6C9CF4D6E44C8675E8DF localhost
  0:00 ClientUserinfoChanged: 0 n\PadPlayer\t\0\model\padman\hmodel\padman\c1\4\c2\0\hc\100\w\0\l\0\tt\0\tl\0\sl\
  0:00 ClientUserinfoChanged: 0 n\PadPlayer\t\0\model\padman\hmodel\padman\c1\4\c2\0\hc\100\w\0\l\0\tt\0\tl\0\sl\
  0:00 ClientBegin: 0
  0:01 ClientUserinfoChanged: 0 n\PadPlayer\t\0\model\padman\hmodel\padman\c1\4\c2\0\hc\100\w\0\l\0\tt\0\tl\0\sl\01_wop
  0:07 Item: 0 weapon_betty
  0:08 Item: 0 ammo_betty
  0:13 ClientDisconnect: 0
  0:13 ShutdownGame:
  0:13 ------------------------------------------------------------
  0:00 ------------------------------------------------------------
  0:00 InitGame: \g_gametype\3\g_LPS_flags\0\g_LPS_startlives\10\g_WarmupReady\0\g_allowVote\1\g_warmup\20\pointlimit\20\g_maxGameClients\0\sv_maxclients\8\timelimit\0\dmflags\0\sv_hostname\noname\sv_minRate\0\sv_maxRate\0\sv_minPing\0\sv_maxPing\0\sv_floodProtect\1\version\ioQ3 r1142 win_mingw-x86 Nov 29 2007\fraglimit\20\protocol\68\mapname\phobosdm17\sv_privateClients\0\sv_allowDownload\0\bot_minplayers\0\gamename\wop\g_doWarmup\0\g_needpass\0\g_curWarmupReady\0\g_skylensflare\0.577 0.577 0.577 >
  0:00 ClientConnect: 0 521CFE8C426B6C9CF4D6E44C8675E8DF localhost
  0:00 ClientUserinfoChanged: 0 n\PadPlayer\t\0\model\padman\hmodel\padman\c1\4\c2\0\hc\100\w\0\l\0\tt\0\tl\0\sl\
  0:00 ClientBegin: 0
  0:00 ClientUserinfoChanged: 0 n\PadPlayer\t\0\model\padman\hmodel\padman\c1\4\c2\0\hc\100\w\0\l\0\tt\0\tl\0\sl\01_wop
  0:11 ClientConnect: 1  
  0:11 ClientUserinfoChanged: 1 n\^6PadGirl\t\0\model\padgirl\hmodel\padgirl\c1\4\c2\5\hc\100\w\0\l\0\skill\    4.00\tt\0\tl\0\sl\
  0:11 ClientBegin: 1
  0:11 ClientUserinfoChanged: 1 n\^6PadGirl\t\0\model\padgirl\hmodel\padgirl\c1\4\c2\5\hc\100\w\0\l\0\skill\    4.00\tt\0\tl\0\sl\22_lips
  0:42 ShutdownGame:
  0:42 ------------------------------------------------------------
  0:00 ------------------------------------------------------------
  0:00 InitGame: \g_gametype\3\sv_floodProtect\1\sv_maxPing\0\sv_minPing\0\sv_maxRate\0\sv_minRate\0\sv_hostname\noname\dmflags\0\timelimit\0\sv_maxclients\8\g_maxGameClients\0\pointlimit\20\g_warmup\20\g_allowVote\1\g_WarmupReady\0\g_LPS_startlives\10\g_LPS_flags\0\version\ioQ3 r1142 win_mingw-x86 Nov 29 2007\fraglimit\20\protocol\68\mapname\phobosdm17\sv_privateClients\0\sv_allowDownload\0\gamename\wop\g_doWarmup\0\g_needpass\0\g_curWarmupReady\0
  0:00 ClientConnect: 0 521CFE8C426B6C9CF4D6E44C8675E8DF localhost
  0:00 ClientUserinfoChanged: 0 n\PadPlayer\t\0\model\padman\hmodel\padman\c1\4\c2\0\hc\100\w\0\l\0\tt\0\tl\0\sl\
  0:00 ClientUserinfoChanged: 0 n\PadPlayer\t\0\model\padman\hmodel\padman\c1\4\c2\0\hc\100\w\0\l\0\tt\0\tl\0\sl\
  0:00 ClientBegin: 0
  0:01 ClientUserinfoChanged: 0 n\PadPlayer\t\0\model\padman\hmodel\padman\c1\4\c2\0\hc\100\w\0\l\0\tt\0\tl\0\sl\01_wop
  0:10 ClientConnect: 1  
  0:10 ClientUserinfoChanged: 1 n\^6PadGirl\t\0\model\padgirl\hmodel\padgirl\c1\4\c2\2\hc\100\w\0\l\0\skill\    4.00\tt\0\tl\0\sl\
  0:10 ClientBegin: 1
  0:10 ClientUserinfoChanged: 1 n\^6PadGirl\t\0\model\padgirl\hmodel\padgirl\c1\4\c2\4\hc\100\w\0\l\0\skill\    4.00\tt\0\tl\0\sl\22_lips
  3:07 ShutdownGame:
  3:07 ------------------------------------------------------------
