logfile opened on Thu Aug 28 03:57:09 2008

...detecting CPU, found generic
----- Client Initialization -----
----- Initializing Renderer ----
-------------------------------
QKEY found.
----- Client Initialization Complete -----
----- R_Init -----
Initializing OpenGL subsystem
...initializing QGL
...calling LoadLibrary( 'C:\Windows\system32\opengl32.dll' ): succeeded
...setting mode 3: 640 480 W
...registered window class
...created window@691,198 (646x506)
Initializing OpenGL driver
...getting DC: succeeded
...GLW_ChoosePFD( 32, 24, 8 )
...101 PFDs found
...hardware acceleration found
...PIXELFORMAT 9 selected
...creating GL context: succeeded
...making context current: succeeded
Initializing OpenGL extensions
...ignoring GL_S3_s3tc
...using GL_EXT_texture_env_add
...using WGL_EXT_swap_control
...using GL_ARB_multitexture
...using GL_EXT_compiled_vertex_array
...WGL_3DFX_gamma_control not found
...ignoring GL_EXT_texture_filter_anisotropic

GL_VENDOR: NVIDIA Corporation
GL_RENDERER: GeForce 7600 GS/PCI/SSE2/3DNOW!
GL_VERSION: 2.1.2
GL_EXTENSIONS: GL_ARB_color_buffer_float GL_ARB_depth_texture GL_ARB_draw_buffers GL_ARB_fragment_program GL_ARB_fragment_program_shadow GL_ARB_fragment_shader GL_ARB_half_float_pixel GL_ARB_imaging GL_ARB_multisample GL_ARB_multitexture GL_ARB_occlusion_query GL_ARB_pixel_buffer_object GL_ARB_point_parameters GL_ARB_point_sprite GL_ARB_shadow GL_ARB_shader_objects GL_ARB_shading_language_100 GL_ARB_texture_border_clamp GL_ARB_texture_compression GL_ARB_texture_cube_map GL_ARB_texture_env_add GL_ARB_texture_env_combine GL_ARB_texture_env_dot3 GL_ARB_texture_float GL_ARB_texture_mirrored_repeat GL_ARB_texture_non_power_of_two GL_ARB_texture_rectangle GL_ARB_transpose_matrix GL_ARB_vertex_buffer_object GL_ARB_vertex_program GL_ARB_vertex_shader GL_ARB_window_pos GL_ATI_draw_buffers GL_ATI_texture_float GL_ATI_texture_mirror_once GL_S3_s3tc GL_EXT_texture_env_add GL_EXT_abgr GL_EXT_bgra GL_EXT_blend_color GL_EXT_blend_equation_separate GL_EXT_blend_func_separate GL_EXT_blend_minmax GL_EXT_blend_subtract GL_EXT_compiled_vertex_array GL_EXT_Cg_shader GL_EXT_depth_bounds_test GL_EXT_draw_range_elements GL_EXT_fog_coord GL_EXT_framebuffer_blit GL_EXT_framebuffer_multisample GL_EXT_framebuffer_object GL_EXT_gpu_program_parameters GL_EXT_multi_draw_arrays GL_EXT_packed_depth_stencil GL_EXT_packed_pixels GL_EXT_pixel_buffer_object GL_EXT_point_parameters GL_EXT_rescale_normal GL_EXT_secondary_color GL_EXT_separate_specular_color GL_EXT_shadow_funcs GL_EXT_stencil_two_side GL_EXT_stencil_wrap GL_EXT_texture3D GL_EXT_texture_compression_s3tc GL_EXT_texture_cube_map GL_EXT_texture_edge_clamp GL_EXT_texture_env_combine GL_EXT_texture_env_dot3 GL_EXT_texture_filter_anisotropic GL_EXT_texture_lod GL_EXT_texture_lod_bias GL_EXT_texture_mirror_clamp GL_EXT_texture_object GL_EXT_texture_sRGB GL_EXT_timer_query GL_EXT_vertex_array GL_IBM_rasterpos_clip GL_IBM_texture_mirrored_repeat GL_KTX_buffer_region GL_NV_blend_square GL_NV_copy_depth_to_color GL_NV_depth_clamp GL_NV_fence GL_NV_float_buffer GL_NV_fog_distance GL_NV_fragment_program GL_NV_fragment_program_option GL_NV_fragment_program2 GL_NV_framebuffer_multisample_coverage GL_NV_half_float GL_NV_light_max_exponent GL_NV_multisample_filter_hint GL_NV_occlusion_query GL_NV_packed_depth_stencil GL_NV_pixel_data_range GL_NV_point_sprite GL_NV_primitive_restart GL_NV_register_combiners GL_NV_register_combiners2 GL_NV_texgen_reflection GL_NV_texture_compression_vtc GL_NV_texture_env_combine4 GL_NV_texture_expand_normal GL_NV_texture_rectangle GL_NV_texture_shader GL_NV_texture_shader2 GL_NV_texture_shader3 GL_NV_vertex_array_range GL_NV_vertex_array_range2 GL_NV_vertex_program GL_NV_vertex_program1_1 GL_NV_vertex_program2 GL_NV_vertex_program2_option GL_NV_vertex_program3 GL_NVX_conditional_render GL_SGIS_generate_mipmap GL_SGIS_texture_lod GL_SGIX_depth_texture GL_SGIX_shadow GL_SUN_slice_accum GL_WIN_swap_hint WGL_EXT_swap_control 
GL_MAX_TEXTURE_SIZE: 4096
GL_MAX_ACTIVE_TEXTURES_ARB: 4

PIXELFORMAT: color(32-bits) Z(24-bit) stencil(8-bits)
MODE: 3, 640 x 480 windowed hz:60
GAMMA: hardware w/ 0 overbright bits
CPU: generic
rendering primitives: single glDrawElements
texturemode: GL_LINEAR_MIPMAP_LINEAR
picmip: 0
texture bits: 32
multitexture: enabled
compiled vertex arrays: enabled
texenv add: enabled
compressed textures: disabled
Initializing Shaders
----- finished R_Init -----
------ Initializing Sound ------
Initializing DirectSound
----- Sound Info -----
    1 stereo
32768 samples
   16 samplebits
    1 submission_chunk
22050 speed
0FAE0050 dma buffer
No background file.
----------------------
Sound initialization successful.
--------------------------------
Sound memory manager started
Loading vm file vm/ui.qvm...
...which has vmMagic VM_MAGIC_VER2
Loading 1251 jump table targets
VM file ui compiled to 758494 bytes of code
ui loaded in 1456480 bytes on the hunk
20 arenas parsed
54 bots parsed
searching SprayLogos(jpg):
finished searching ... found 0 logos(jpg)
searching SprayLogos(tga):
Logo:0 Name:38_padgirl
Logo:1 Name:39_greensun
Logo:2 Name:40_dog
Logo:3 Name:41_vendetta
Logo:4 Name:42_water
Logo:5 Name:01_wop
Logo:6 Name:02_cross
Logo:7 Name:03_smile
Logo:8 Name:04_padman
Logo:9 Name:05_fish
Logo:10 Name:06_finger
Logo:11 Name:07_skull
Logo:12 Name:08_clowns
Logo:13 Name:09_sketch
Logo:14 Name:10_yinyan
Logo:15 Name:11_splash
Logo:16 Name:12_heart
Logo:17 Name:13_questman
Logo:18 Name:14_badboy
Logo:19 Name:15_padlogo
Logo:20 Name:16_moon
Logo:21 Name:17_exp
Logo:22 Name:18_padbunny
Logo:23 Name:19_jason
Logo:24 Name:20_quake3
Logo:25 Name:21_apple
Logo:26 Name:22_lips
Logo:27 Name:23_alien
Logo:28 Name:24_hand
Logo:29 Name:25_hairspray
Logo:30 Name:26_spooky
Logo:31 Name:27_ugly
Logo:32 Name:28_moddb
Logo:33 Name:29_pqcom
Logo:34 Name:30_dieselkopf
Logo:35 Name:31_atom
Logo:36 Name:32_padarmy
Logo:37 Name:37_devilskull
finished searching ... found 38 logos(tga)
searching LensFlare-scripts:
Script:0 Name:test
Script:1 Name:photoshop
finished searching ... found 2 scripts
--- Common Initialization Complete ---
Winsock Initialized
Opening IP socket: localhost:27960
Hostname: kiste
IP: 192.168.0.103
Working directory: E:\games\wop12
Proceeding with delayed mouse init
BB <-> 8
------ Server Initialization ------
Server: phobosdm17
RE_Shutdown( 0 )
Hunk_Clear: reset the hunk ok
Current search path:
E:\games\wop12\cammod\vmclient.pk3 (3 files)
E:\games\wop12/cammod
E:\games\wop12\wop\wop_vms12.pk3 (4 files)
E:\games\wop12\wop\wop_vms.pk3 (4 files)
E:\games\wop12\wop\wop_padpack02.pk3 (6 files)
E:\games\wop12\wop\wop_padpack.pk3 (475 files)
E:\games\wop12\wop\wop_geb.pk3 (30 files)
E:\games\wop12\wop\wop_006.pk3 (336 files)
E:\games\wop12\wop\wop_005.pk3 (2558 files)
E:\games\wop12\wop\wop_004.pk3 (698 files)
E:\games\wop12\wop\wop_003.pk3 (187 files)
E:\games\wop12\wop\wop_002.pk3 (1341 files)
E:\games\wop12\wop\wop_001.pk3 (499 files)
E:\games\wop12\wop\PhobosDM17.pk3 (9 files)
E:\games\wop12/wop

handle 1: qconsole.log
----------------------
12300 files in pk3 files
Loading vm file vm/qagame.qvm...
...which has vmMagic VM_MAGIC_VER2
Loading 940 jump table targets
VM file qagame compiled to 1178158 bytes of code
qagame loaded in 2705472 bytes on the hunk
------- Game Initialization -------
gamename: wop
gamedate: Aug 24 2008
Gametype changed, clearing session data.
0 teams with 0 entities
14 items registered
-----------------------------------
Opened log botlib.log
------- BotLib Initialization -------
loaded weapons.c
loaded items.c
loaded match.c
------------ Map Loading ------------
trying to load maps/phobosdm17.aas
loaded maps/phobosdm17.aas
found 21 level items
-------------------------------------
54 bots parsed
20 arenas parsed
AAS initialized.
-----------------------------------
RE_Shutdown( 0 )
----- R_Init -----

GL_VENDOR: NVIDIA Corporation
GL_RENDERER: GeForce 7600 GS/PCI/SSE2/3DNOW!
GL_VERSION: 2.1.2
GL_EXTENSIONS: GL_ARB_color_buffer_float GL_ARB_depth_texture GL_ARB_draw_buffers GL_ARB_fragment_program GL_ARB_fragment_program_shadow GL_ARB_fragment_shader GL_ARB_half_float_pixel GL_ARB_imaging GL_ARB_multisample GL_ARB_multitexture GL_ARB_occlusion_query GL_ARB_pixel_buffer_object GL_ARB_point_parameters GL_ARB_point_sprite GL_ARB_shadow GL_ARB_shader_objects GL_ARB_shading_language_100 GL_ARB_texture_border_clamp GL_ARB_texture_compression GL_ARB_texture_cube_map GL_ARB_texture_env_add GL_ARB_texture_env_combine GL_ARB_texture_env_dot3 GL_ARB_texture_float GL_ARB_texture_mirrored_repeat GL_ARB_texture_non_power_of_two GL_ARB_texture_rectangle GL_ARB_transpose_matrix GL_ARB_vertex_buffer_object GL_ARB_vertex_program GL_ARB_vertex_shader GL_ARB_window_pos GL_ATI_draw_buffers GL_ATI_texture_float GL_ATI_texture_mirror_once GL_S3_s3tc GL_EXT_texture_env_add GL_EXT_abgr GL_EXT_bgra GL_EXT_blend_color GL_EXT_blend_equation_separate GL_EXT_blend_func_separate GL_EXT_blend_minmax GL_EXT_blend_subtract GL_EXT_compiled_vertex_array GL_EXT_Cg_shader GL_EXT_depth_bounds_test GL_EXT_draw_range_elements GL_EXT_fog_coord GL_EXT_framebuffer_blit GL_EXT_framebuffer_multisample GL_EXT_framebuffer_object GL_EXT_gpu_program_parameters GL_EXT_multi_draw_arrays GL_EXT_packed_depth_stencil GL_EXT_packed_pixels GL_EXT_pixel_buffer_object GL_EXT_point_parameters GL_EXT_rescale_normal GL_EXT_secondary_color GL_EXT_separate_specular_color GL_EXT_shadow_funcs GL_EXT_stencil_two_side GL_EXT_stencil_wrap GL_EXT_texture3D GL_EXT_texture_compression_s3tc GL_EXT_texture_cube_map GL_EXT_texture_edge_clamp GL_EXT_texture_env_combine GL_EXT_texture_env_dot3 GL_EXT_texture_filter_anisotropic GL_EXT_texture_lod GL_EXT_texture_lod_bias GL_EXT_texture_mirror_clamp GL_EXT_texture_object GL_EXT_texture_sRGB GL_EXT_timer_query GL_EXT_vertex_array GL_IBM_rasterpos_clip GL_IBM_texture_mirrored_repeat GL_KTX_buffer_region GL_NV_blend_square GL_NV_copy_depth_to_color GL_NV_depth_clamp GL_NV_fence GL_NV_float_buffer GL_NV_fog_distance GL_NV_fragment_program GL_NV_fragment_program_option GL_NV_fragment_program2 GL_NV_framebuffer_multisample_coverage GL_NV_half_float GL_NV_light_max_exponent GL_NV_multisample_filter_hint GL_NV_occlusion_query GL_NV_packed_depth_stencil GL_NV_pixel_data_range GL_NV_point_sprite GL_NV_primitive_restart GL_NV_register_combiners GL_NV_register_combiners2 GL_NV_texgen_reflection GL_NV_texture_compression_vtc GL_NV_texture_env_combine4 GL_NV_texture_expand_normal GL_NV_texture_rectangle GL_NV_texture_shader GL_NV_texture_shader2 GL_NV_texture_shader3 GL_NV_vertex_array_range GL_NV_vertex_array_range2 GL_NV_vertex_program GL_NV_vertex_program1_1 GL_NV_vertex_program2 GL_NV_vertex_program2_option GL_NV_vertex_program3 GL_NVX_conditional_render GL_SGIS_generate_mipmap GL_SGIS_texture_lod GL_SGIX_depth_texture GL_SGIX_shadow GL_SUN_slice_accum GL_WIN_swap_hint WGL_EXT_swap_control 
GL_MAX_TEXTURE_SIZE: 4096
GL_MAX_ACTIVE_TEXTURES_ARB: 4

PIXELFORMAT: color(32-bits) Z(24-bit) stencil(8-bits)
MODE: 3, 640 x 480 windowed hz:60
GAMMA: hardware w/ 0 overbright bits
CPU: generic
rendering primitives: single glDrawElements
texturemode: GL_LINEAR_MIPMAP_LINEAR
picmip: 0
texture bits: 32
multitexture: enabled
compiled vertex arrays: enabled
texenv add: enabled
compressed textures: disabled
Initializing Shaders
----- finished R_Init -----
Loading vm file vm/ui.qvm...
...which has vmMagic VM_MAGIC_VER2
Loading 1251 jump table targets
VM file ui compiled to 758494 bytes of code
ui loaded in 1456480 bytes on the hunk
20 arenas parsed
54 bots parsed
searching SprayLogos(jpg):
finished searching ... found 0 logos(jpg)
searching SprayLogos(tga):
Logo:0 Name:38_padgirl
Logo:1 Name:39_greensun
Logo:2 Name:40_dog
Logo:3 Name:41_vendetta
Logo:4 Name:42_water
Logo:5 Name:01_wop
Logo:6 Name:02_cross
Logo:7 Name:03_smile
Logo:8 Name:04_padman
Logo:9 Name:05_fish
Logo:10 Name:06_finger
Logo:11 Name:07_skull
Logo:12 Name:08_clowns
Logo:13 Name:09_sketch
Logo:14 Name:10_yinyan
Logo:15 Name:11_splash
Logo:16 Name:12_heart
Logo:17 Name:13_questman
Logo:18 Name:14_badboy
Logo:19 Name:15_padlogo
Logo:20 Name:16_moon
Logo:21 Name:17_exp
Logo:22 Name:18_padbunny
Logo:23 Name:19_jason
Logo:24 Name:20_quake3
Logo:25 Name:21_apple
Logo:26 Name:22_lips
Logo:27 Name:23_alien
Logo:28 Name:24_hand
Logo:29 Name:25_hairspray
Logo:30 Name:26_spooky
Logo:31 Name:27_ugly
Logo:32 Name:28_moddb
Logo:33 Name:29_pqcom
Logo:34 Name:30_dieselkopf
Logo:35 Name:31_atom
Logo:36 Name:32_padarmy
Logo:37 Name:37_devilskull
finished searching ... found 38 logos(tga)
searching LensFlare-scripts:
Script:0 Name:test
Script:1 Name:photoshop
finished searching ... found 2 scripts
Loading vm file vm/cgame.qvm...
...which has vmMagic VM_MAGIC_VER2
Loading 960 jump table targets
VM file cgame compiled to 1109932 bytes of code
cgame loaded in 4761856 bytes on the hunk
stitched 36 LoD cracks
...loaded 418 faces, 86 meshes, 20 trisurfs, 0 flares
^3WARNING: light grid mismatch
parsing "scripts/test.lensflare"
finished parsing "scripts/test.lensflare"
parsing "scripts/photoshop.lensflare"
finished parsing "scripts/photoshop.lensflare"
CL_InitCGame:  2.52 seconds
3 msec to draw all images
Com_TouchMemory: 0 msec
[WoP Music] Playing "down the hatch"
PadPlayer^7 entered the game
you selected '01_wop' as spraylogo
]\addbot padgirl
loaded skill 4 from bots/default_c.c
loaded skill 4 from bots/padgirl_c.c
loaded fw_items.c
loaded bots/padgirl_w.c
loaded padgirl from bots/girls_t.c
^6PadGirl^7 connected
^6PadGirl^7 entered the game
]/freecam
looking at 1 
looking at 1 
looking at 1 
looking at 1 
looking at 1 
looking at 1 
looking at 1 
looking at 1 
looking at 1 
looking at 1 
looking at 1 
looking at 1 
looking at 1 
looking at 1 
looking at 1 
looking at 1 
looking at 1 
looking at 1 
looking at 1 
looking at 1 
looking at 1 
looking at 1 
looking at 1 
looking at 1 
looking at 1 
looking at 1 
looking at 1 
looking at 1 
looking at 1 
looking at 1 
looking at 1 
looking at 1 
looking at 1 
looking at 1 
looking at 1 
looking at 1 
looking at 1 
looking at 1 
looking at 1 
looking at 1 
looking at 1 
looking at 1 
looking at 1 
looking at 1 
looking at 1 
looking at 1 
looking at 1 
looking at 1 
looking at 1 
looking at 1 
looking at 1 
looking at 1 
looking at 1 
looking at 1 
looking at 1 
looking at 1 
looking at 1 
looking at 1 
looking at 1 
looking at 1 
looking at 1 
looking at 1 
looking at 1 
looking at 1 
looking at 1 
looking at 1 
looking at 1 
looking at 1 
looking at 1 
looking at 1 
looking at 1 
looking at 1 
looking at 1 
looking at 1 
looking at 1 
looking at 1 
looking at 1 
looking at 1 
looking at 1 
looking at 1 
looking at 1 
looking at 1 
looking at 1 
looking at 1 
looking at 1 
looking at 1 
looking at 1 
looking at 1 
looking at 1 
looking at 1 
looking at 1 
looking at 1 
looking at 1 
looking at 1 
looking at 1 
looking at 1 
looking at 1 
looking at 1 
looking at 1 
looking at 1 
looking at 1 
looking at 1 
looking at 1 
looking at 1 
looking at 1 
looking at 1 
looking at 1 
looking at 1 
looking at 1 
looking at 1 
looking at 1 
looking at 1 
looking at 1 
looking at 1 
looking at 1 
looking at 1 
looking at 1 
looking at 1 
looking at 1 
execing cam/cam
looking at 1 
looking at 1 
looking at 1 
looking at 1 
looking at 1 
looking at 1 
looking at 1 
looking at 1 
looking at 1 
looking at 1 
looking at 1 
looking at 1 
looking at 1 
looking at 1 
looking at 1 
looking at 1 
looking at 1 
looking at 1 
looking at 1 
looking at 1 
looking at 1 
looking at 1 
looking at 1 
looking at 1 
looking at 1 
looking at 1 
looking at 1 
looking at 1 
looking at 1 
looking at 1 
looking at 1 
looking at 1 
looking at 1 
looking at 1 
looking at 1 
looking at 1 
looking at 1 
looking at 1 
looking at 1 
looking at 1 
looking at 1 
looking at 1 
looking at 1 
looking at 1 
looking at 1 
looking at 1 
looking at 1 
looking at 1 
looking at 1 
looking at 1 
looking at 1 
looking at 1 
looking at 1 
looking at 1 
looking at 1 
looking at 1 
looking at 1 
looking at 1 
looking at 1 
looking at 1 
looking at 1 
looking at 1 
looking at 1 
looking at 1 
looking at 1 
looking at 1 
looking at 1 
looking at 1 
looking at 1 
looking at 1 
looking at 1 
looking at 1 
looking at 1 
looking at 1 
looking at 1 
looking at 1 
looking at 1 
looking at 1 
looking at 1 
looking at 1 
looking at 1 
looking at 1 
looking at 1 
looking at 1 
looking at 1 
looking at 1 
looking at 1 
looking at 1 
looking at 1 
looking at 1 
looking at 1 
looking at 1 
looking at 1 
looking at 1 
looking at 1 
looking at 1 
looking at 1 
looking at 1 
looking at 1 
looking at 1 
looking at 1 
looking at 1 
looking at 1 
looking at 1 
looking at 1 
looking at 1 
looking at 1 
looking at 1 
looking at 1 
looking at 1 
looking at 1 
looking at 1 
looking at 1 
looking at 1 
looking at 1 
looking at 1 
looking at 1 
looking at 1 
looking at 1 
looking at 1 
looking at 1 
looking at 1 
looking at 1 
looking at 1 
looking at 1 
looking at 1 
looking at 1 
looking at 1 
looking at 1 
looking at 1 
looking at 1 
looking at 1 
looking at 1 
looking at 1 
looking at 1 
looking at 1 
looking at 1 
looking at 1 
looking at 1 
looking at 1 
looking at 1 
looking at 1 
looking at 1 
looking at 1 
looking at 1 
looking at 1 
looking at 1 
looking at 1 
looking at 1 
looking at 1 
looking at 1 
looking at 1 
looking at 1 
looking at 1 
looking at 1 
looking at 1 
looking at 1 
execing cam\Cam001.cfg
looking at 1 
looking at 1 
looking at 1 
looking at 1 
looking at 1 
looking at 1 
looking at 1 
looking at 1 
looking at 1 
looking at 1 
looking at 1 
looking at 1 
looking at 1 
looking at 1 
looking at 1 
looking at 1 
looking at 1 
looking at 1 
looking at 1 
looking at 1 
looking at 1 
looking at 1 
looking at 1 
looking at 1 
looking at 1 
looking at 1 
looking at 1 
looking at 1 
looking at 1 
looking at 1 
looking at 1 
looking at 1 
looking at 1 
looking at 1 
looking at 1 
looking at 1 
looking at 1 
looking at 1 
looking at 1 
looking at 1 
looking at 1 
looking at 1 
looking at 1 
looking at 1 
looking at 1 
looking at 1 
looking at 1 
looking at 1 
looking at 1 
looking at 1 
looking at 1 
looking at 1 
looking at 1 
looking at 1 
looking at 1 
looking at 1 
looking at 1 
looking at 1 
looking at 1 
looking at 1 
looking at 1 
looking at 1 
looking at 1 
looking at 1 
looking at 1 
looking at 1 
looking at 1 
looking at 1 
looking at 1 
looking at 1 
looking at 1 
looking at 1 
looking at 1 
looking at 1 
looking at 1 
looking at 1 
looking at 1 
looking at 1 
looking at 1 
looking at 1 
looking at 1 
looking at 1 
looking at 1 
looking at 1 
looking at 1 
looking at 1 
looking at 1 
looking at 1 
looking at 1 
looking at 1 
looking at 1 
looking at 1 
looking at 1 
looking at 1 
looking at 1 
looking at 1 
looking at 1 
looking at 1 
looking at 1 
looking at 1 
looking at 1 
looking at 1 
looking at 1 
looking at 1 
looking at 1 
looking at 1 
looking at 1 
looking at 1 
looking at 1 
looking at 1 
looking at 1 
looking at 1 
looking at 1 
looking at 1 
looking at 1 
looking at 1 
looking at 1 
looking at 1 
looking at 1 
looking at 1 
looking at 1 
looking at 1 
looking at 1 
looking at 1 
looking at 1 
looking at 1 
looking at 1 
looking at 1 
looking at 1 
looking at 1 
looking at 1 
looking at 1 
looking at 1 
looking at 1 
looking at 1 
looking at 1 
looking at 1 
looking at 1 
looking at 1 
looking at 1 
looking at 1 
looking at 1 
looking at 1 
looking at 1 
looking at 1 
looking at 1 
looking at 1 
looking at 1 
looking at 1 
looking at 1 
looking at 1 
looking at 1 
looking at 1 
looking at 1 
looking at 1 
looking at 1 
looking at 1 
looking at 1 
looking at 1 
looking at 1 
looking at 1 
looking at 1 
looking at 1 
looking at 1 
looking at 1 
looking at 1 
looking at 1 
looking at 1 
looking at 1 
looking at 1 
looking at 1 
looking at 1 
looking at 1 
looking at 1 
looking at 1 
looking at 1 
looking at 1 
looking at 1 
looking at 1 
looking at 1 
looking at 1 
looking at 1 
looking at 1 
looking at 1 
looking at 1 
looking at 1 
looking at 1 
looking at 1 
looking at 1 
looking at 1 
looking at 1 
looking at 1 
looking at 1 
looking at 1 
looking at 1 
looking at 1 
looking at 1 
looking at 1 
looking at 1 
looking at 1 
looking at 1 
looking at 1 
looking at 1 
looking at 1 
looking at 1 
looking at 1 
looking at 1 
looking at 1 
looking at 1 
looking at 1 
looking at 1 
looking at 1 
looking at 1 
looking at 1 
looking at 1 
looking at 1 
looking at 1 
looking at 1 
looking at 1 
looking at 1 
looking at 1 
looking at 1 
looking at 1 
looking at 1 
looking at 1 
looking at 1 
looking at 1 
looking at 1 
looking at 1 
looking at 1 
looking at 1 
looking at 1 
looking at 1 
looking at 1 
looking at 1 
looking at 1 
looking at 1 
looking at 1 
looking at 1 
looking at 1 
looking at 1 
looking at 1 
looking at 1 
looking at 1 
looking at 1 
looking at 1 
looking at 1 
looking at 1 
looking at 1 
looking at 1 
looking at 1 
looking at 1 
looking at 1 
looking at 1 
]/freecam
]/freecam
looking at 1 
looking at 1 
looking at 1 
looking at 1 
looking at 1 
looking at 1 
looking at 1 
looking at 1 
looking at 1 
looking at 1 
looking at 1 
looking at 1 
looking at 1 
looking at 1 
looking at 1 
looking at 1 
looking at 1 
looking at 1 
looking at 1 
looking at 1 
looking at 1 
looking at 1 
looking at 1 
looking at 1 
looking at 1 
looking at 1 
looking at 1 
looking at 1 
looking at 1 
looking at 1 
looking at 1 
looking at 1 
looking at 1 
looking at 1 
looking at 1 
looking at 1 
looking at 1 
looking at 1 
looking at 1 
looking at 1 
looking at 1 
looking at 1 
looking at 1 
looking at 1 
looking at 1 
looking at 1 
looking at 1 
looking at 1 
looking at 1 
looking at 1 
looking at 1 
looking at 1 
looking at 1 
looking at 1 
looking at 1 
looking at 1 
looking at 1 
looking at 1 
looking at 1 
looking at 1 
looking at 1 
looking at 1 
looking at 1 
looking at 1 
looking at 1 
looking at 1 
looking at 1 
looking at 1 
looking at 1 
looking at 1 
looking at 1 
looking at 1 
looking at 1 
looking at 1 
looking at 1 
looking at 1 
looking at 1 
looking at 1 
looking at 1 
looking at 1 
looking at 1 
looking at 1 
looking at 1 
looking at 1 
looking at 1 
looking at 1 
looking at 1 
looking at 1 
looking at 1 
looking at 1 
looking at 1 
looking at 1 
looking at 1 
looking at 1 
looking at 1 
looking at 1 
looking at 1 
looking at 1 
looking at 1 
looking at 1 
looking at 1 
looking at 1 
looking at 1 
looking at 1 
looking at 1 
looking at 1 
looking at 1 
looking at 1 
looking at 1 
looking at 1 
looking at 1 
execing cam/cam
looking at 1 
execing cam\Cam001.cfg
]/freecam
]/freecam
execing cam/cam
execing cam\Cam001.cfg
execing cam/cam
execing cam\Cam001.cfg
execing cam/cam
looking at 1 
looking at 1 
looking at 1 
looking at 1 
looking at 1 
looking at 1 
looking at 1 
looking at 1 
looking at 1 
looking at 1 
looking at 1 
looking at 1 
looking at 1 
looking at 1 
looking at 1 
looking at 1 
looking at 1 
looking at 1 
looking at 1 
looking at 1 
looking at 1 
looking at 1 
looking at 1 
looking at 1 
looking at 1 
looking at 1 
looking at 1 
looking at 1 
looking at 1 
looking at 1 
looking at 1 
looking at 1 
looking at 1 
looking at 1 
looking at 1 
looking at 1 
looking at 1 
looking at 1 
looking at 1 
looking at 1 
looking at 1 
looking at 1 
looking at 1 
looking at 1 
looking at 1 
looking at 1 
looking at 1 
looking at 1 
looking at 1 
looking at 1 
looking at 1 
looking at 1 
looking at 1 
looking at 1 
looking at 1 
looking at 1 
looking at 1 
looking at 1 
looking at 1 
looking at 1 
looking at 1 
looking at 1 
looking at 1 
looking at 1 
looking at 1 
looking at 1 
looking at 1 
looking at 1 
looking at 1 
looking at 1 
looking at 1 
looking at 1 
looking at 1 
looking at 1 
looking at 1 
looking at 1 
looking at 1 
looking at 1 
looking at 1 
looking at 1 
looking at 1 
looking at 1 
looking at 1 
looking at 1 
looking at 1 
looking at 1 
looking at 1 
looking at 1 
looking at 1 
looking at 1 
looking at 1 
looking at 1 
looking at 1 
looking at 1 
looking at 1 
looking at 1 
looking at 1 
looking at 1 
looking at 1 
looking at 1 
looking at 1 
looking at 1 
looking at 1 
looking at 1 
looking at 1 
looking at 1 
looking at 1 
looking at 1 
looking at 1 
looking at 1 
looking at 1 
looking at 1 
looking at 1 
looking at 1 
looking at 1 
looking at 1 
looking at 1 
looking at 1 
looking at 1 
looking at 1 
looking at 1 
looking at 1 
looking at 1 
looking at 1 
looking at 1 
looking at 1 
looking at 1 
looking at 1 
looking at 1 
looking at 1 
looking at 1 
looking at 1 
looking at 1 
looking at 1 
looking at 1 
looking at 1 
looking at 1 
looking at 1 
looking at 1 
looking at 1 
looking at 1 
looking at 1 
looking at 1 
looking at 1 
looking at 1 
looking at 1 
looking at 1 
looking at 1 
looking at 1 
looking at 1 
looking at 1 
looking at 1 
looking at 1 
looking at 1 
looking at 1 
looking at 1 
execing cam\Cam001.cfg
looking at 1 
looking at 1 
looking at 1 
looking at 1 
looking at 1 
looking at 1 
looking at 1 
looking at 1 
looking at 1 
looking at 1 
looking at 1 
looking at 1 
looking at 1 
looking at 1 
looking at 1 
looking at 1 
looking at 1 
looking at 1 
looking at 1 
looking at 1 
looking at 1 
looking at 1 
looking at 1 
looking at 1 
looking at 1 
looking at 1 
looking at 1 
looking at 1 
looking at 1 
looking at 1 
looking at 1 
looking at 1 
looking at 1 
looking at 1 
looking at 1 
looking at 1 
looking at 1 
looking at 1 
looking at 1 
looking at 1 
looking at 1 
looking at 1 
looking at 1 
looking at 1 
looking at 1 
looking at 1 
looking at 1 
looking at 1 
looking at 1 
looking at 1 
looking at 1 
looking at 1 
looking at 1 
looking at 1 
looking at 1 
looking at 1 
looking at 1 
looking at 1 
looking at 1 
looking at 1 
looking at 1 
looking at 1 
looking at 1 
looking at 1 
looking at 1 
looking at 1 
looking at 1 
looking at 1 
looking at 1 
looking at 1 
looking at 1 
looking at 1 
looking at 1 
looking at 1 
looking at 1 
looking at 1 
looking at 1 
looking at 1 
looking at 1 
looking at 1 
looking at 1 
looking at 1 
looking at 1 
looking at 1 
looking at 1 
looking at 1 
looking at 1 
looking at 1 
looking at 1 
looking at 1 
looking at 1 
looking at 1 
looking at 1 
looking at 1 
looking at 1 
looking at 1 
looking at 1 
looking at 1 
looking at 1 
looking at 1 
looking at 1 
looking at 1 
looking at 1 
looking at 1 
looking at 1 
looking at 1 
looking at 1 
looking at 1 
looking at 1 
looking at 1 
looking at 1 
looking at 1 
looking at 1 
looking at 1 
looking at 1 
looking at 1 
looking at 1 
looking at 1 
looking at 1 
looking at 1 
looking at 1 
looking at 1 
looking at 1 
looking at 1 
looking at 1 
looking at 1 
looking at 1 
looking at 1 
looking at 1 
looking at 1 
looking at 1 
looking at 1 
looking at 1 
looking at 1 
looking at 1 
looking at 1 
looking at 1 
looking at 1 
looking at 1 
looking at 1 
looking at 1 
looking at 1 
looking at 1 
looking at 1 
looking at 1 
looking at 1 
looking at 1 
looking at 1 
looking at 1 
looking at 1 
looking at 1 
looking at 1 
looking at 1 
looking at 1 
looking at 1 
looking at 1 
looking at 1 
looking at 1 
looking at 1 
looking at 1 
looking at 1 
looking at 1 
looking at 1 
looking at 1 
looking at 1 
looking at 1 
looking at 1 
looking at 1 
looking at 1 
looking at 1 
looking at 1 
looking at 1 
looking at 1 
looking at 1 
looking at 1 
looking at 1 
looking at 1 
looking at 1 
looking at 1 
looking at 1 
looking at 1 
looking at 1 
looking at 1 
looking at 1 
looking at 1 
looking at 1 
looking at 1 
looking at 1 
looking at 1 
looking at 1 
looking at 1 
looking at 1 
looking at 1 
looking at 1 
looking at 1 
looking at 1 
looking at 1 
looking at 1 
looking at 1 
looking at 1 
looking at 1 
looking at 1 
looking at 1 
looking at 1 
looking at 1 
looking at 1 
looking at 1 
looking at 1 
looking at 1 
looking at 1 
looking at 1 
looking at 1 
looking at 1 
looking at 1 
looking at 1 
looking at 1 
looking at 1 
looking at 1 
looking at 1 
looking at 1 
looking at 1 
looking at 1 
looking at 1 
looking at 1 
looking at 1 
looking at 1 
looking at 1 
looking at 1 
looking at 1 
looking at 1 
looking at 1 
looking at 1 
looking at 1 
looking at 1 
looking at 1 
looking at 1 
looking at 1 
looking at 1 
looking at 1 
looking at 1 
looking at 1 
looking at 1 
looking at 1 
looking at 1 
looking at 1 
looking at 1 
looking at 1 
looking at 1 
looking at 1 
looking at 1 
looking at 1 
looking at 1 
looking at 1 
looking at 1 
looking at 1 
looking at 1 
looking at 1 
looking at 1 
looking at 1 
looking at 1 
looking at 1 
looking at 1 
looking at 1 
looking at 1 
looking at 1 
looking at 1 
looking at 1 
looking at 1 
looking at 1 
looking at 1 
looking at 1 
looking at 1 
looking at 1 
looking at 1 
looking at 1 
looking at 1 
looking at 1 
looking at 1 
looking at 1 
looking at 1 
looking at 1 
looking at 1 
looking at 1 
looking at 1 
looking at 1 
looking at 1 
looking at 1 
looking at 1 
looking at 1 
looking at 1 
looking at 1 
looking at 1 
looking at 1 
looking at 1 
looking at 1 
looking at 1 
looking at 1 
looking at 1 
looking at 1 
looking at 1 
looking at 1 
looking at 1 
looking at 1 
looking at 1 
looking at 1 
looking at 1 
looking at 1 
looking at 1 
looking at 1 
looking at 1 
looking at 1 
looking at 1 
looking at 1 
looking at 1 
looking at 1 
looking at 1 
looking at 1 
looking at 1 
looking at 1 
looking at 1 
looking at 1 
looking at 1 
looking at 1 
looking at 1 
looking at 1 
looking at 1 
looking at 1 
looking at 1 
looking at 1 
looking at 1 
looking at 1 
looking at 1 
looking at 1 
looking at 1 
looking at 1 
looking at 1 
looking at 1 
looking at 1 
looking at 1 
looking at 1 
looking at 1 
looking at 1 
looking at 1 
looking at 1 
looking at 1 
looking at 1 
looking at 1 
looking at 1 
looking at 1 
looking at 1 
looking at 1 
looking at 1 
looking at 1 
looking at 1 
looking at 1 
looking at 1 
looking at 1 
looking at 1 
looking at 1 
looking at 1 
looking at 1 
looking at 1 
looking at 1 
looking at 1 
looking at 1 
looking at 1 
looking at 1 
looking at 1 
looking at 1 
looking at 1 
looking at 1 
looking at 1 
looking at 1 
looking at 1 
looking at 1 
looking at 1 
looking at 1 
looking at 1 
looking at 1 
looking at 1 
looking at 1 
looking at 1 
looking at 1 
looking at 1 
looking at 1 
looking at 1 
looking at 1 
looking at 1 
looking at 1 
looking at 1 
looking at 1 
looking at 1 
looking at 1 
looking at 1 
looking at 1 
looking at 1 
looking at 1 
looking at 1 
looking at 1 
looking at 1 
looking at 1 
looking at 1 
looking at 1 
looking at 1 
looking at 1 
looking at 1 
looking at 1 
looking at 1 
looking at 1 
looking at 1 
looking at 1 
looking at 1 
looking at 1 
looking at 1 
looking at 1 
looking at 1 
looking at 1 
looking at 1 
looking at 1 
looking at 1 
looking at 1 
looking at 1 
looking at 1 
looking at 1 
looking at 1 
looking at 1 
looking at 1 
looking at 1 
looking at 1 
looking at 1 
looking at 1 
looking at 1 
looking at 1 
looking at 1 
looking at 1 
looking at 1 
looking at 1 
looking at 1 
looking at 1 
looking at 1 
looking at 1 
looking at 1 
looking at 1 
looking at 1 
looking at 1 
looking at 1 
looking at 1 
looking at 1 
looking at 1 
looking at 1 
looking at 1 
looking at 1 
looking at 1 
looking at 1 
looking at 1 
looking at 1 
looking at 1 
looking at 1 
looking at 1 
looking at 1 
looking at 1 
looking at 1 
looking at 1 
looking at 1 
looking at 1 
looking at 1 
looking at 1 
looking at 1 
looking at 1 
looking at 1 
looking at 1 
looking at 1 
looking at 1 
looking at 1 
looking at 1 
looking at 1 
looking at 1 
looking at 1 
looking at 1 
looking at 1 
looking at 1 
looking at 1 
looking at 1 
looking at 1 
looking at 1 
looking at 1 
looking at 1 
looking at 1 
looking at 1 
looking at 1 
looking at 1 
looking at 1 
looking at 1 
looking at 1 
looking at 1 
looking at 1 
looking at 1 
looking at 1 
looking at 1 
looking at 1 
looking at 1 
looking at 1 
looking at 1 
looking at 1 
looking at 1 
looking at 1 
looking at 1 
looking at 1 
looking at 1 
looking at 1 
looking at 1 
looking at 1 
looking at 1 
looking at 1 
looking at 1 
looking at 1 
looking at 1 
looking at 1 
looking at 1 
looking at 1 
looking at 1 
looking at 1 
looking at 1 
looking at 1 
looking at 1 
looking at 1 
looking at 1 
looking at 1 
looking at 1 
looking at 1 
looking at 1 
looking at 1 
looking at 1 
looking at 1 
looking at 1 
looking at 1 
looking at 1 
looking at 1 
looking at 1 
looking at 1 
looking at 1 
looking at 1 
looking at 1 
looking at 1 
looking at 1 
looking at 1 
looking at 1 
looking at 1 
looking at 1 
looking at 1 
looking at 1 
looking at 1 
looking at 1 
looking at 1 
looking at 1 
looking at 1 
looking at 1 
looking at 1 
looking at 1 
looking at 1 
looking at 1 
looking at 1 
looking at 1 
looking at 1 
looking at 1 
looking at 1 
looking at 1 
looking at 1 
looking at 1 
looking at 1 
looking at 1 
looking at 1 
looking at 1 
looking at 1 
looking at 1 
looking at 1 
looking at 1 
looking at 1 
looking at 1 
looking at 1 
looking at 1 
looking at 1 
looking at 1 
looking at 1 
looking at 1 
looking at 1 
looking at 1 
looking at 1 
looking at 1 
looking at 1 
looking at 1 
looking at 1 
looking at 1 
looking at 1 
looking at 1 
looking at 1 
looking at 1 
looking at 1 
looking at 1 
looking at 1 
looking at 1 
looking at 1 
looking at 1 
looking at 1 
looking at 1 
looking at 1 
looking at 1 
looking at 1 
looking at 1 
looking at 1 
looking at 1 
looking at 1 
looking at 1 
looking at 1 
looking at 1 
looking at 1 
looking at 1 
looking at 1 
looking at 1 
looking at 1 
looking at 1 
looking at 1 
looking at 1 
looking at 1 
looking at 1 
looking at 1 
looking at 1 
looking at 1 
looking at 1 
looking at 1 
looking at 1 
looking at 1 
looking at 1 
looking at 1 
looking at 1 
looking at 1 
looking at 1 
looking at 1 
looking at 1 
looking at 1 
looking at 1 
looking at 1 
looking at 1 
looking at 1 
looking at 1 
looking at 1 
looking at 1 
looking at 1 
looking at 1 
looking at 1 
looking at 1 
looking at 1 
looking at 1 
looking at 1 
looking at 1 
looking at 1 
looking at 1 
looking at 1 
looking at 1 
looking at 1 
looking at 1 
looking at 1 
looking at 1 
looking at 1 
looking at 1 
looking at 1 
looking at 1 
looking at 1 
looking at 1 
looking at 1 
looking at 1 
looking at 1 
looking at 1 
looking at 1 
looking at 1 
looking at 1 
looking at 1 
looking at 1 
looking at 1 
looking at 1 
looking at 1 
looking at 1 
looking at 1 
looking at 1 
looking at 1 
looking at 1 
looking at 1 
looking at 1 
looking at 1 
looking at 1 
looking at 1 
looking at 1 
looking at 1 
looking at 1 
looking at 1 
looking at 1 
looking at 1 
looking at 1 
looking at 1 
looking at 1 
looking at 1 
looking at 1 
looking at 1 
looking at 1 
looking at 1 
looking at 1 
looking at 1 
looking at 1 
looking at 1 
looking at 1 
looking at 1 
looking at 1 
looking at 1 
looking at 1 
looking at 1 
looking at 1 
looking at 1 
looking at 1 
looking at 1 
looking at 1 
looking at 1 
looking at 1 
looking at 1 
looking at 1 
looking at 1 
looking at 1 
looking at 1 
looking at 1 
looking at 1 
looking at 1 
looking at 1 
looking at 1 
looking at 1 
looking at 1 
looking at 1 
looking at 1 
looking at 1 
looking at 1 
looking at 1 
looking at 1 
looking at 1 
looking at 1 
looking at 1 
looking at 1 
looking at 1 
looking at 1 
looking at 1 
looking at 1 
looking at 1 
looking at 1 
looking at 1 
looking at 1 
looking at 1 
looking at 1 
looking at 1 
looking at 1 
looking at 1 
looking at 1 
looking at 1 
looking at 1 
looking at 1 
looking at 1 
looking at 1 
looking at 1 
looking at 1 
looking at 1 
looking at 1 
looking at 1 
looking at 1 
looking at 1 
looking at 1 
looking at 1 
looking at 1 
looking at 1 
looking at 1 
looking at 1 
looking at 1 
looking at 1 
looking at 1 
looking at 1 
looking at 1 
looking at 1 
looking at 1 
looking at 1 
looking at 1 
looking at 1 
looking at 1 
looking at 1 
looking at 1 
looking at 1 
looking at 1 
looking at 1 
looking at 1 
looking at 1 
looking at 1 
looking at 1 
looking at 1 
looking at 1 
looking at 1 
looking at 1 
looking at 1 
looking at 1 
looking at 1 
looking at 1 
looking at 1 
looking at 1 
looking at 1 
looking at 1 
looking at 1 
looking at 1 
looking at 1 
looking at 1 
looking at 1 
looking at 1 
looking at 1 
looking at 1 
looking at 1 
looking at 1 
looking at 1 
looking at 1 
looking at 1 
looking at 1 
looking at 1 
looking at 1 
looking at 1 
looking at 1 
looking at 1 
looking at 1 
looking at 1 
looking at 1 
looking at 1 
looking at 1 
looking at 1 
looking at 1 
looking at 1 
looking at 1 
looking at 1 
looking at 1 
looking at 1 
looking at 1 
looking at 1 
looking at 1 
looking at 1 
looking at 1 
looking at 1 
looking at 1 
looking at 1 
looking at 1 
looking at 1 
looking at 1 
looking at 1 
looking at 1 
looking at 1 
looking at 1 
looking at 1 
looking at 1 
looking at 1 
looking at 1 
looking at 1 
looking at 1 
looking at 1 
looking at 1 
looking at 1 
looking at 1 
looking at 1 
looking at 1 
looking at 1 
looking at 1 
looking at 1 
looking at 1 
looking at 1 
looking at 1 
looking at 1 
looking at 1 
looking at 1 
looking at 1 
looking at 1 
looking at 1 
looking at 1 
looking at 1 
looking at 1 
looking at 1 
looking at 1 
looking at 1 
looking at 1 
looking at 1 
looking at 1 
looking at 1 
looking at 1 
looking at 1 
looking at 1 
looking at 1 
looking at 1 
looking at 1 
looking at 1 
looking at 1 
looking at 1 
looking at 1 
looking at 1 
looking at 1 
looking at 1 
looking at 1 
looking at 1 
looking at 1 
looking at 1 
looking at 1 
looking at 1 
looking at 1 
looking at 1 
looking at 1 
looking at 1 
looking at 1 
looking at 1 
looking at 1 
looking at 1 
looking at 1 
looking at 1 
looking at 1 
looking at 1 
looking at 1 
looking at 1 
looking at 1 
looking at 1 
looking at 1 
looking at 1 
looking at 1 
looking at 1 
looking at 1 
looking at 1 
looking at 1 
looking at 1 
looking at 1 
looking at 1 
looking at 1 
looking at 1 
looking at 1 
looking at 1 
looking at 1 
looking at 1 
looking at 1 
looking at 1 
looking at 1 
looking at 1 
looking at 1 
looking at 1 
looking at 1 
looking at 1 
looking at 1 
looking at 1 
looking at 1 
looking at 1 
looking at 1 
looking at 1 
looking at 1 
looking at 1 
looking at 1 
looking at 1 
looking at 1 
looking at 1 
looking at 1 
looking at 1 
looking at 1 
looking at 1 
looking at 1 
looking at 1 
looking at 1 
looking at 1 
looking at 1 
looking at 1 
looking at 1 
looking at 1 
looking at 1 
looking at 1 
looking at 1 
looking at 1 
looking at 1 
looking at 1 
looking at 1 
looking at 1 
looking at 1 
looking at 1 
looking at 1 
looking at 1 
looking at 1 
looking at 1 
looking at 1 
looking at 1 
looking at 1 
looking at 1 
looking at 1 
looking at 1 
looking at 1 
looking at 1 
looking at 1 
looking at 1 
looking at 1 
looking at 1 
looking at 1 
looking at 1 
looking at 1 
looking at 1 
looking at 1 
looking at 1 
looking at 1 
looking at 1 
looking at 1 
looking at 1 
looking at 1 
looking at 1 
looking at 1 
looking at 1 
looking at 1 
looking at 1 
looking at 1 
looking at 1 
looking at 1 
looking at 1 
looking at 1 
looking at 1 
looking at 1 
looking at 1 
looking at 1 
looking at 1 
looking at 1 
looking at 1 
looking at 1 
looking at 1 
looking at 1 
looking at 1 
looking at 1 
looking at 1 
looking at 1 
looking at 1 
looking at 1 
looking at 1 
looking at 1 
looking at 1 
looking at 1 
looking at 1 
looking at 1 
looking at 1 
looking at 1 
looking at 1 
looking at 1 
looking at 1 
looking at 1 
looking at 1 
looking at 1 
looking at 1 
looking at 1 
looking at 1 
looking at 1 
looking at 1 
looking at 1 
looking at 1 
looking at 1 
looking at 1 
looking at 1 
looking at 1 
looking at 1 
looking at 1 
looking at 1 
looking at 1 
looking at 1 
looking at 1 
looking at 1 
looking at 1 
looking at 1 
looking at 1 
looking at 1 
looking at 1 
looking at 1 
looking at 1 
looking at 1 
looking at 1 
looking at 1 
looking at 1 
looking at 1 
looking at 1 
looking at 1 
looking at 1 
looking at 1 
looking at 1 
looking at 1 
looking at 1 
looking at 1 
looking at 1 
looking at 1 
looking at 1 
looking at 1 
looking at 1 
looking at 1 
looking at 1 
looking at 1 
looking at 1 
looking at 1 
looking at 1 
looking at 1 
looking at 1 
looking at 1 
looking at 1 
looking at 1 
looking at 1 
looking at 1 
looking at 1 
looking at 1 
looking at 1 
looking at 1 
looking at 1 
looking at 1 
looking at 1 
looking at 1 
looking at 1 
looking at 1 
looking at 1 
looking at 1 
looking at 1 
looking at 1 
looking at 1 
looking at 1 
looking at 1 
looking at 1 
looking at 1 
looking at 1 
looking at 1 
looking at 1 
looking at 1 
looking at 1 
looking at 1 
looking at 1 
looking at 1 
looking at 1 
looking at 1 
looking at 1 
execing cam/cam
looking at 1 
execing cam\Cam001.cfg
execing cam/cam
execing cam\Cam001.cfg
----- Server Shutdown (Server quit) -----
==== ShutdownGame ====
AAS shutdown.
Closed log botlib.log
---------------------------
----- CL_Shutdown -----
RE_Shutdown( 1 )
Shutting down OpenGL subsystem
...wglMakeCurrent( NULL, NULL ): success
...deleting GL context: success
...releasing DC: success
...destroying window
...shutting down QGL
...unloading OpenGL DLL
-----------------------
